GowinSynthesis start
Running parser ...
Analyzing Verilog file 'C:\Users\Petr\Documents\FPGA\nano HDMI vzor\src\HDMI.v'
Analyzing Verilog file 'C:\Users\Petr\Documents\FPGA\nano HDMI vzor\src\gowin_rpll\gowin_rpll.v'
Analyzing Verilog file 'C:\Users\Petr\Documents\FPGA\nano HDMI vzor\src\pattern.v'
Analyzing Verilog file 'C:\Users\Petr\Documents\FPGA\nano HDMI vzor\src\simple480p.v'
Analyzing Verilog file 'C:\Users\Petr\Documents\FPGA\nano HDMI vzor\src\tmds_encoder.v'
Analyzing Verilog file 'C:\Gowin\Gowin_V1.9.9_x64\IDE\data\ipcores\GAO_LITE\GW_AO_0\gw_ao_mem_ctrl.v'
Analyzing included file 'C:\Users\Petr\Documents\FPGA\nano HDMI vzor\impl\gwsynthesis\RTL_GAO\ao_0\gw_ao_top_define.v'("C:\Gowin\Gowin_V1.9.9_x64\IDE\data\ipcores\GAO_LITE\GW_AO_0\gw_ao_mem_ctrl.v":133)
Back to file 'C:\Gowin\Gowin_V1.9.9_x64\IDE\data\ipcores\GAO_LITE\GW_AO_0\gw_ao_mem_ctrl.v'("C:\Gowin\Gowin_V1.9.9_x64\IDE\data\ipcores\GAO_LITE\GW_AO_0\gw_ao_mem_ctrl.v":133)
Analyzing Verilog file 'C:\Gowin\Gowin_V1.9.9_x64\IDE\data\ipcores\GAO_LITE\GW_AO_0\gw_ao_top.v'
Analyzing included file 'C:\Gowin\Gowin_V1.9.9_x64\IDE\data\ipcores\GAO_LITE\GW_AO_0\gw_ao_define.v'("C:\Gowin\Gowin_V1.9.9_x64\IDE\data\ipcores\GAO_LITE\GW_AO_0\gw_ao_top.v":684)
Back to file 'C:\Gowin\Gowin_V1.9.9_x64\IDE\data\ipcores\GAO_LITE\GW_AO_0\gw_ao_top.v'("C:\Gowin\Gowin_V1.9.9_x64\IDE\data\ipcores\GAO_LITE\GW_AO_0\gw_ao_top.v":684)
Analyzing included file 'C:\Users\Petr\Documents\FPGA\nano HDMI vzor\impl\gwsynthesis\RTL_GAO\ao_0\gw_ao_top_define.v'("C:\Gowin\Gowin_V1.9.9_x64\IDE\data\ipcores\GAO_LITE\GW_AO_0\gw_ao_top.v":684)
Back to file 'C:\Gowin\Gowin_V1.9.9_x64\IDE\data\ipcores\GAO_LITE\GW_AO_0\gw_ao_top.v'("C:\Gowin\Gowin_V1.9.9_x64\IDE\data\ipcores\GAO_LITE\GW_AO_0\gw_ao_top.v":684)
Analyzing included file 'C:\Users\Petr\Documents\FPGA\nano HDMI vzor\impl\gwsynthesis\RTL_GAO\ao_0\gw_ao_parameter.v'("C:\Gowin\Gowin_V1.9.9_x64\IDE\data\ipcores\GAO_LITE\GW_AO_0\gw_ao_top.v":684)
Back to file 'C:\Gowin\Gowin_V1.9.9_x64\IDE\data\ipcores\GAO_LITE\GW_AO_0\gw_ao_top.v'("C:\Gowin\Gowin_V1.9.9_x64\IDE\data\ipcores\GAO_LITE\GW_AO_0\gw_ao_top.v":684)
Analyzing Verilog file 'C:\Gowin\Gowin_V1.9.9_x64\IDE\data\ipcores\GAO_LITE\GW_CON\gw_con_top.v'
Analyzing included file 'C:\Users\Petr\Documents\FPGA\nano HDMI vzor\impl\gwsynthesis\RTL_GAO\ao_control\gw_con_top_define.v'("C:\Gowin\Gowin_V1.9.9_x64\IDE\data\ipcores\GAO_LITE\GW_CON\gw_con_top.v":367)
Back to file 'C:\Gowin\Gowin_V1.9.9_x64\IDE\data\ipcores\GAO_LITE\GW_CON\gw_con_top.v'("C:\Gowin\Gowin_V1.9.9_x64\IDE\data\ipcores\GAO_LITE\GW_CON\gw_con_top.v":367)
Analyzing included file 'C:\Gowin\Gowin_V1.9.9_x64\IDE\data\ipcores\GAO_LITE\GW_CON\gw_con_parameter.v'("C:\Gowin\Gowin_V1.9.9_x64\IDE\data\ipcores\GAO_LITE\GW_CON\gw_con_top.v":367)
Back to file 'C:\Gowin\Gowin_V1.9.9_x64\IDE\data\ipcores\GAO_LITE\GW_CON\gw_con_top.v'("C:\Gowin\Gowin_V1.9.9_x64\IDE\data\ipcores\GAO_LITE\GW_CON\gw_con_top.v":367)
Analyzing Verilog file 'C:\Gowin\Gowin_V1.9.9_x64\IDE\data\ipcores\gw_jtag.v'
Analyzing Verilog file 'C:\Users\Petr\Documents\FPGA\nano HDMI vzor\impl\gwsynthesis\RTL_GAO\gw_gao_top.v'
Compiling module 'HDMI_test'("C:\Users\Petr\Documents\FPGA\nano HDMI vzor\src\HDMI.v":4)
Compiling module 'simple480p'("C:\Users\Petr\Documents\FPGA\nano HDMI vzor\src\simple480p.v":1)
WARN  (EX3791) : Expression size 11 truncated to fit in target size 10("C:\Users\Petr\Documents\FPGA\nano HDMI vzor\src\simple480p.v":13)
WARN  (EX3791) : Expression size 11 truncated to fit in target size 10("C:\Users\Petr\Documents\FPGA\nano HDMI vzor\src\simple480p.v":14)
Compiling module 'pattern'("C:\Users\Petr\Documents\FPGA\nano HDMI vzor\src\pattern.v":1)
WARN  (EX3780) : Using initial value of 'qs' since it is never assigned("C:\Users\Petr\Documents\FPGA\nano HDMI vzor\src\pattern.v":22)
WARN  (EX3791) : Expression size 2 truncated to fit in target size 1("C:\Users\Petr\Documents\FPGA\nano HDMI vzor\src\pattern.v":16)
Compiling module 'TMDS_encoder'("C:\Users\Petr\Documents\FPGA\nano HDMI vzor\src\tmds_encoder.v":1)
Compiling module 'Gowin_rPLL'("C:\Users\Petr\Documents\FPGA\nano HDMI vzor\src\gowin_rpll\gowin_rpll.v":10)
Compiling module 'gw_gao'("C:\Users\Petr\Documents\FPGA\nano HDMI vzor\impl\gwsynthesis\RTL_GAO\gw_gao_top.v":1)
Compiling module 'GW_JTAG'("C:\Gowin\Gowin_V1.9.9_x64\IDE\data\ipcores\gw_jtag.v":1)
Compiling module '**'("C:\Gowin\Gowin_V1.9.9_x64\IDE\data\ipcores\GAO_LITE\GW_CON\gw_con_top.v":0)
Compiling module '**'("C:\Gowin\Gowin_V1.9.9_x64\IDE\data\ipcores\GAO_LITE\GW_AO_0\gw_ao_top.v":0)
Compiling module '**'("C:\Gowin\Gowin_V1.9.9_x64\IDE\data\ipcores\GAO_LITE\GW_AO_0\gw_ao_mem_ctrl.v":0)
Extracting RAM for identifier '**'("C:\Gowin\Gowin_V1.9.9_x64\IDE\data\ipcores\GAO_LITE\GW_AO_0\gw_ao_mem_ctrl.v":0)
Trying to combine GAO to RTL design
NOTE  (EX0101) : Current top module is "HDMI_test"
[5%] Running netlist conversion ...
Running device independent optimization ...
[10%] Optimizing Phase 0 completed
[15%] Optimizing Phase 1 completed
[25%] Optimizing Phase 2 completed
Running inference ...
[30%] Inferring Phase 0 completed
[40%] Inferring Phase 1 completed
[50%] Inferring Phase 2 completed
[55%] Inferring Phase 3 completed
Running technical mapping ...
[60%] Tech-Mapping Phase 0 completed
[65%] Tech-Mapping Phase 1 completed
[75%] Tech-Mapping Phase 2 completed
[80%] Tech-Mapping Phase 3 completed
[90%] Tech-Mapping Phase 4 completed
[95%] Generate netlist file "C:\Users\Petr\Documents\FPGA\nano HDMI vzor\impl\gwsynthesis\hdmi123.vg" completed
[100%] Generate report file "C:\Users\Petr\Documents\FPGA\nano HDMI vzor\impl\gwsynthesis\hdmi123_syn.rpt.html" completed
GowinSynthesis finish
